*** Using Compiler 'V6.22', folder: 'C:\Users\tester\AppData\Local\Keil_v5\ARM\ARMCLANG\Bin'
Build target 'Server_INA3221_Monitor'
creating preprocessor file for AP_STARTUP_M251.C...
creating preprocessor file for main.c...
creating preprocessor file for system_M251.c...
creating preprocessor file for clk.c...
creating preprocessor file for retarget.c...
creating preprocessor file for sys.c...
creating preprocessor file for fmc.c...
creating preprocessor file for gpio.c...
creating preprocessor file for timer.c...
creating preprocessor file for i2c.c...
creating preprocessor file for usci_i2c.c...
creating preprocessor file for uart.c...
creating preprocessor file for eeprom_sim.c...
creating preprocessor file for I2C_Control.c...
creating preprocessor file for Monitor_Control.c...
linking...
Program Size: Code=16404 RO-data=472 RW-data=20 ZI-data=2276  
After Build - User command #1: fromelf --bin ".\obj\APROM.axf" --output ".\obj\APROM.bin"
After Build - User command #2: .\FILESUM .\obj\APROM.bin .\obj\APROM_SUM.bin"

***********************************************
*           File CheckSum                     *
***********************************************
fize size:16896
file_checksum=0xc75
".\obj\APROM.axf" - 0 Error(s), 0 Warning(s).
Build Time Elapsed:  00:00:02
